<?xml version="1.0" encoding="UTF-8"?>
<!-- Generated by org.testng.reporters.JUnitXMLReporter -->
<testsuite ignored="0" hostname="LAPTOP-KBKTO19U" failures="0" tests="6" name="Default test" time="83.367" errors="0" timestamp="2025-09-09T10:56:23 IST">
  <testcase classname="tests.HomeTest" name="testOffersPage" time="5.41"/>
  <testcase classname="tests.HomeTest" name="testOrdersPage" time="5.333"/>
  <testcase classname="tests.HomeTest" name="testFavoritesPage" time="5.411"/>
  <testcase classname="tests.HomeTest" name="testGoToHomePage" time="5.485"/>
  <testcase classname="tests.HomeTest" name="testSelectAllVendors" time="20.773"/>
  <testcase classname="tests.HomeTest" name="testSortProducts" time="31.343"/>
</testsuite> <!-- Default test -->
