<?xml version="1.0" encoding="UTF-8"?>
<!-- Generated by org.testng.reporters.JUnitXMLReporter -->
<testsuite ignored="0" hostname="LAPTOP-KBKTO19U" failures="0" tests="6" name="Default test" time="100.728" errors="0" timestamp="2025-09-08T10:23:25 IST">
  <testcase classname="tests.HomeTest" name="testOffersPage" time="6.229"/>
  <testcase classname="tests.HomeTest" name="testOrdersPage" time="5.69"/>
  <testcase classname="tests.HomeTest" name="testFavoritesPage" time="5.577"/>
  <testcase classname="tests.HomeTest" name="testGoToHomePage" time="5.586"/>
  <testcase classname="tests.HomeTest" name="testSelectAllVendors" time="21.144"/>
  <testcase classname="tests.HomeTest" name="testSortProducts" time="32.185"/>
</testsuite> <!-- Default test -->
