<?xml version="1.0" encoding="UTF-8"?>
<!-- Generated by org.testng.reporters.JUnitXMLReporter -->
<testsuite ignored="0" hostname="LAPTOP-KBKTO19U" failures="0" tests="16" name="UI Tests" time="351.42" errors="0" timestamp="2025-09-08T10:30:07 IST">
  <testcase classname="tests.HomeTest" name="testOffersPage" time="5.636"/>
  <testcase classname="tests.HomeTest" name="testOrdersPage" time="5.48"/>
  <testcase classname="tests.HomeTest" name="testFavoritesPage" time="5.525"/>
  <testcase classname="tests.HomeTest" name="testGoToHomePage" time="5.563"/>
  <testcase classname="tests.HomeTest" name="testSelectAllVendors" time="21.043"/>
  <testcase classname="tests.HomeTest" name="testSortProducts" time="31.435"/>
  <testcase classname="tests.LoginTest" name="testEmptyPassword" time="2.535"/>
  <testcase classname="tests.LoginTest" name="testEmptyUsername" time="2.614"/>
  <testcase classname="tests.LoginTest" name="testLockedUser" time="6.167"/>
  <testcase classname="tests.LoginTest" name="testValidLogin" time="7.819"/>
  <testcase classname="tests.LoginTest" name="testValidLogin" time="5.912"/>
  <testcase classname="tests.LoginTest" name="testValidLogin" time="6.374"/>
  <testcase classname="tests.LoginTest" name="testValidLogin" time="5.127"/>
  <testcase classname="tests.WebTest" name="testSamsungFavoriteFlow" time="26.196"/>
  <testcase classname="tests.WebTest" name="testAppleFavoriteFlow" time="31.332"/>
  <testcase classname="tests.WebTest" name="testCartAndCheckoutFlow" time="78.509"/>
</testsuite> <!-- UI Tests -->
