<?xml version="1.0" encoding="UTF-8"?>
<!-- Generated by org.testng.reporters.JUnitXMLReporter -->
<testsuite ignored="0" hostname="LAPTOP-KBKTO19U" failures="0" tests="16" name="UI Tests" time="335.458" errors="0" timestamp="2025-09-09T16:03:53 IST">
  <testcase classname="tests.HomeTest" name="testOffersPage" time="5.272"/>
  <testcase classname="tests.HomeTest" name="testOrdersPage" time="5.446"/>
  <testcase classname="tests.HomeTest" name="testFavoritesPage" time="5.308"/>
  <testcase classname="tests.HomeTest" name="testGoToHomePage" time="5.264"/>
  <testcase classname="tests.HomeTest" name="testSelectAllVendors" time="20.887"/>
  <testcase classname="tests.HomeTest" name="testSortProducts" time="31.607"/>
  <testcase classname="tests.LoginTest" name="testEmptyPassword" time="1.869"/>
  <testcase classname="tests.LoginTest" name="testEmptyUsername" time="2.149"/>
  <testcase classname="tests.LoginTest" name="testLockedUser" time="2.441"/>
  <testcase classname="tests.LoginTest" name="testValidLogin" time="2.596"/>
  <testcase classname="tests.LoginTest" name="testValidLogin" time="2.638"/>
  <testcase classname="tests.LoginTest" name="testValidLogin" time="2.557"/>
  <testcase classname="tests.LoginTest" name="testValidLogin" time="2.329"/>
  <testcase classname="tests.WebTest" name="testSamsungFavoriteFlow" time="25.492"/>
  <testcase classname="tests.WebTest" name="testAppleFavoriteFlow" time="31.036"/>
  <testcase classname="tests.WebTest" name="testCartAndCheckoutFlow" time="76.859"/>
</testsuite> <!-- UI Tests -->
