<?xml version="1.0" encoding="UTF-8"?>
<!-- Generated by org.testng.reporters.JUnitXMLReporter -->
<testsuite ignored="0" hostname="LAPTOP-KBKTO19U" failures="0" tests="16" name="UI Tests" time="323.956" errors="0" timestamp="2025-09-09T15:00:03 IST">
  <testcase classname="tests.HomeTest" name="testOffersPage" time="5.734"/>
  <testcase classname="tests.HomeTest" name="testOrdersPage" time="5.904"/>
  <testcase classname="tests.HomeTest" name="testFavoritesPage" time="6.402"/>
  <testcase classname="tests.HomeTest" name="testGoToHomePage" time="5.821"/>
  <testcase classname="tests.HomeTest" name="testSelectAllVendors" time="21.127"/>
  <testcase classname="tests.HomeTest" name="testSortProducts" time="31.217"/>
  <testcase classname="tests.LoginTest" name="testEmptyPassword" time="2.193"/>
  <testcase classname="tests.LoginTest" name="testEmptyUsername" time="2.178"/>
  <testcase classname="tests.LoginTest" name="testLockedUser" time="2.803"/>
  <testcase classname="tests.LoginTest" name="testValidLogin" time="3.051"/>
  <testcase classname="tests.LoginTest" name="testValidLogin" time="2.966"/>
  <testcase classname="tests.LoginTest" name="testValidLogin" time="2.953"/>
  <testcase classname="tests.LoginTest" name="testValidLogin" time="3.817"/>
  <testcase classname="tests.WebTest" name="testSamsungFavoriteFlow" time="26.634"/>
  <testcase classname="tests.WebTest" name="testAppleFavoriteFlow" time="31.694"/>
  <testcase classname="tests.WebTest" name="testCartAndCheckoutFlow" time="77.967"/>
</testsuite> <!-- UI Tests -->
