<?xml version="1.0" encoding="UTF-8"?>
<testsuite xmlns:xsi="http://www.w3.org/2001/XMLSchema-instance" xsi:noNamespaceSchemaLocation="https://maven.apache.org/surefire/maven-surefire-plugin/xsd/surefire-test-report.xsd" version="3.0.2" name="TestSuite" time="402.476" tests="23" errors="0" skipped="0" failures="0">
  <properties>
[...]
</properties>
  <testcase name="testOffersPage" classname="tests.HomeTest" time="5.275">
    <system-err><![CDATA[SLF4J(W): No SLF4J providers were found.
SLF4J(W): Defaulting to no-operation (NOP) logger implementation
SLF4J(W): See https://www.slf4j.org/codes.html#noProviders for further details.
]]></system-err>
  </testcase>
  <testcase name="testOrdersPage" classname="tests.HomeTest" time="5.447"/>
  <testcase name="testFavoritesPage" classname="tests.HomeTest" time="5.309"/>
  <testcase name="testGoToHomePage" classname="tests.HomeTest" time="5.264"/>
  <testcase name="testSelectAllVendors" classname="tests.HomeTest" time="20.89"/>
  <testcase name="testSortProducts" classname="tests.HomeTest" time="31.607">
    <system-out><![CDATA[No products found or grid did not reload in time after sorting by: lowestprice
No products found or grid did not reload in time after sorting by: highestprice
]]></system-out>
  </testcase>
  <testcase name="testEmptyPassword" classname="tests.LoginTest" time="1.869"/>
  <testcase name="testEmptyUsername" classname="tests.LoginTest" time="2.149"/>
  <testcase name="testLockedUser" classname="tests.LoginTest" time="2.441"/>
  <testcase name="testValidLogin[demouser, testingisfun99](1)" classname="tests.LoginTest" time="2.595"/>
  <testcase name="testValidLogin[fav_user, testingisfun99](2)" classname="tests.LoginTest" time="2.638"/>
  <testcase name="testValidLogin[image_not_loading_user, testingisfun99](3)" classname="tests.LoginTest" time="2.557"/>
  <testcase name="testValidLogin[existing_orders_user, testingisfun99](4)" classname="tests.LoginTest" time="2.327"/>
  <testcase name="testSamsungFavoriteFlow" classname="tests.WebTest" time="25.49"/>
  <testcase name="testAppleFavoriteFlow" classname="tests.WebTest" time="31.035"/>
  <testcase name="testCartAndCheckoutFlow" classname="tests.WebTest" time="76.86"/>
  <testcase name="runScenario[&quot;Login with valid credentials&quot;, &quot;Login functionality&quot;](1)" classname="runners.TestRunner" time="8.688">
    <system-out><![CDATA[
Scenario Outline: Login with valid credentials                                 # src/test/resources/features/login.feature:11
Browser launched and navigated to bstackdemo.com for scenario: Login with valid credentials
  Given the user is on the login page                                          # stepdefinitions.LoginSteps.userIsOnLoginPage()
  When the user logs in with username "demouser" and password "testingisfun99" # stepdefinitions.LoginSteps.userLogsIn(java.lang.String,java.lang.String)
  Then the username "demouser" should be visible                               # stepdefinitions.LoginSteps.usernameShouldBeVisible(java.lang.String)
Browser closed for scenario: Login with valid credentials
]]></system-out>
  </testcase>
  <testcase name="runScenario[&quot;Login with valid credentials&quot;, &quot;Login functionality&quot;](2)" classname="runners.TestRunner" time="9.33">
    <system-out><![CDATA[
Scenario Outline: Login with valid credentials                                 # src/test/resources/features/login.feature:12
Browser launched and navigated to bstackdemo.com for scenario: Login with valid credentials
  Given the user is on the login page                                          # stepdefinitions.LoginSteps.userIsOnLoginPage()
  When the user logs in with username "fav_user" and password "testingisfun99" # stepdefinitions.LoginSteps.userLogsIn(java.lang.String,java.lang.String)
  Then the username "fav_user" should be visible                               # stepdefinitions.LoginSteps.usernameShouldBeVisible(java.lang.String)
Browser closed for scenario: Login with valid credentials
]]></system-out>
  </testcase>
  <testcase name="runScenario[&quot;Login with valid credentials&quot;, &quot;Login functionality&quot;](3)" classname="runners.TestRunner" time="8.914">
    <system-out><![CDATA[
Scenario Outline: Login with valid credentials                                               # src/test/resources/features/login.feature:13
Browser launched and navigated to bstackdemo.com for scenario: Login with valid credentials
  Given the user is on the login page                                                        # stepdefinitions.LoginSteps.userIsOnLoginPage()
  When the user logs in with username "image_not_loading_user" and password "testingisfun99" # stepdefinitions.LoginSteps.userLogsIn(java.lang.String,java.lang.String)
  Then the username "image_not_loading_user" should be visible                               # stepdefinitions.LoginSteps.usernameShouldBeVisible(java.lang.String)
Browser closed for scenario: Login with valid credentials
]]></system-out>
  </testcase>
  <testcase name="runScenario[&quot;Login with valid credentials&quot;, &quot;Login functionality&quot;](4)" classname="runners.TestRunner" time="9.721">
    <system-out><![CDATA[
Scenario Outline: Login with valid credentials                                             # src/test/resources/features/login.feature:14
Browser launched and navigated to bstackdemo.com for scenario: Login with valid credentials
  Given the user is on the login page                                                      # stepdefinitions.LoginSteps.userIsOnLoginPage()
  When the user logs in with username "existing_orders_user" and password "testingisfun99" # stepdefinitions.LoginSteps.userLogsIn(java.lang.String,java.lang.String)
  Then the username "existing_orders_user" should be visible                               # stepdefinitions.LoginSteps.usernameShouldBeVisible(java.lang.String)
Browser closed for scenario: Login with valid credentials
]]></system-out>
  </testcase>
  <testcase name="runScenario[&quot;Locked user should see locked message&quot;, &quot;Login functionality&quot;](5)" classname="runners.TestRunner" time="9.819">
    <system-out><![CDATA[
Scenario: Locked user should see locked message                                   # src/test/resources/features/login.feature:17
Browser launched and navigated to bstackdemo.com for scenario: Locked user should see locked message
  Given the user is on the login page                                             # stepdefinitions.LoginSteps.userIsOnLoginPage()
  When the user logs in with username "locked_user" and password "testingisfun99" # stepdefinitions.LoginSteps.userLogsIn(java.lang.String,java.lang.String)
  Then a locked user message should be shown                                      # stepdefinitions.LoginSteps.lockedUserMessageShouldBeShown()
Browser closed for scenario: Locked user should see locked message
]]></system-out>
  </testcase>
  <testcase name="runScenario[&quot;Login with empty username should show message&quot;, &quot;Login functionality&quot;](6)" classname="runners.TestRunner" time="8.89">
    <system-out><![CDATA[
Scenario: Login with empty username should show message                # src/test/resources/features/login.feature:23
Browser launched and navigated to bstackdemo.com for scenario: Login with empty username should show message
  Given the user is on the login page                                  # stepdefinitions.LoginSteps.userIsOnLoginPage()
  When the user logs in with username "" and password "testingisfun99" # stepdefinitions.LoginSteps.userLogsIn(java.lang.String,java.lang.String)
  Then an error message for empty username should be shown             # stepdefinitions.LoginSteps.emptyUsernameMessageShouldBeShown()
Browser closed for scenario: Login with empty username should show message
]]></system-out>
  </testcase>
  <testcase name="runScenario[&quot;Login with empty password should show message&quot;, &quot;Login functionality&quot;](7)" classname="runners.TestRunner" time="8.269">
    <system-out><![CDATA[
Scenario: Login with empty password should show message          # src/test/resources/features/login.feature:29
Browser launched and navigated to bstackdemo.com for scenario: Login with empty password should show message
  Given the user is on the login page                            # stepdefinitions.LoginSteps.userIsOnLoginPage()
  When the user logs in with username "demouser" and password "" # stepdefinitions.LoginSteps.userLogsIn(java.lang.String,java.lang.String)
  Then an error message for empty password should be shown       # stepdefinitions.LoginSteps.emptyPasswordMessageShouldBeShown()
Browser closed for scenario: Login with empty password should show message
]]></system-out>
  </testcase>
</testsuite>