<?xml version="1.0" encoding="UTF-8"?>
<testng-results ignored="0" total="3" passed="3" failed="0" skipped="0">
  <reporter-output>
  </reporter-output>
  <suite started-at="2025-09-07T23:48:15 IST" name="Default suite" finished-at="2025-09-07T23:50:47 IST" duration-ms="152901">
    <groups>
    </groups>
    <test started-at="2025-09-07T23:48:15 IST" name="Default test" finished-at="2025-09-07T23:50:47 IST" duration-ms="152901">
      <class name="tests.WebTest">
        <test-method is-config="true" signature="setUp()[pri:0, instance:tests.WebTest@7c9d8e2]" started-at="2025-09-07T23:48:15 IST" name="setUp" finished-at="2025-09-07T23:48:33 IST" duration-ms="18954" status="PASS">
          <reporter-output>
          </reporter-output>
        </test-method> <!-- setUp -->
        <test-method signature="testSamsungFavoriteFlow()[pri:1, instance:tests.WebTest@7c9d8e2]" started-at="2025-09-07T23:48:34 IST" name="testSamsungFavoriteFlow" finished-at="2025-09-07T23:48:59 IST" duration-ms="25823" status="PASS">
          <reporter-output>
          </reporter-output>
        </test-method> <!-- testSamsungFavoriteFlow -->
        <test-method signature="testAppleFavoriteFlow()[pri:2, instance:tests.WebTest@7c9d8e2]" started-at="2025-09-07T23:48:59 IST" name="testAppleFavoriteFlow" finished-at="2025-09-07T23:49:30 IST" duration-ms="30944" status="PASS">
          <reporter-output>
          </reporter-output>
        </test-method> <!-- testAppleFavoriteFlow -->
        <test-method signature="testCartAndCheckoutFlow()[pri:3, instance:tests.WebTest@7c9d8e2]" started-at="2025-09-07T23:49:30 IST" name="testCartAndCheckoutFlow" finished-at="2025-09-07T23:50:47 IST" duration-ms="77117" status="PASS">
          <reporter-output>
          </reporter-output>
        </test-method> <!-- testCartAndCheckoutFlow -->
        <test-method is-config="true" signature="tearDown()[pri:0, instance:tests.WebTest@7c9d8e2]" started-at="2025-09-07T23:50:47 IST" name="tearDown" finished-at="2025-09-07T23:50:47 IST" duration-ms="1" status="PASS">
          <reporter-output>
          </reporter-output>
        </test-method> <!-- tearDown -->
      </class> <!-- tests.WebTest -->
    </test> <!-- Default test -->
  </suite> <!-- Default suite -->
</testng-results>
