<?xml version="1.0" encoding="UTF-8"?>
<testng-results ignored="0" total="23" passed="23" failed="0" skipped="0">
  <reporter-output>
  </reporter-output>
  <suite started-at="2025-09-08T10:24:14 IST" name="Complete Automation Suite" finished-at="2025-09-08T10:32:17 IST" duration-ms="482197">
    <groups>
      <group name="cucumber">
        <method signature="AbstractTestNGCucumberTests.runScenario(io.cucumber.testng.PickleWrapper,io.cucumber.testng.FeatureWrapper)[pri:0, instance:runners.TestRunner@71c3b41]" name="runScenario" class="io.cucumber.testng.AbstractTestNGCucumberTests"/>
      </group> <!-- cucumber -->
    </groups>
    <test started-at="2025-09-08T10:24:14 IST" name="UI Tests" finished-at="2025-09-08T10:30:06 IST" duration-ms="351420">
      <class name="tests.LoginTest">
        <test-method is-config="true" signature="setUp(java.lang.reflect.Method)[pri:0, instance:tests.LoginTest@63475ace]" started-at="2025-09-08T10:25:45 IST" name="setUp" finished-at="2025-09-08T10:25:52 IST" duration-ms="6654" status="PASS">
          <params>
            <param index="0">
              <value>
                <![CDATA[public void tests.LoginTest.testEmptyPassword() throws java.lang.Exception]]>
              </value>
            </param>
          </params>
          <reporter-output>
          </reporter-output>
        </test-method> <!-- setUp -->
        <test-method signature="testEmptyPassword()[pri:0, instance:tests.LoginTest@63475ace]" started-at="2025-09-08T10:25:52 IST" name="testEmptyPassword" finished-at="2025-09-08T10:25:54 IST" duration-ms="2535" status="PASS">
          <reporter-output>
          </reporter-output>
        </test-method> <!-- testEmptyPassword -->
        <test-method is-config="true" signature="tearDown()[pri:0, instance:tests.LoginTest@63475ace]" started-at="2025-09-08T10:25:54 IST" name="tearDown" finished-at="2025-09-08T10:25:54 IST" duration-ms="1" status="PASS">
          <reporter-output>
          </reporter-output>
        </test-method> <!-- tearDown -->
        <test-method is-config="true" signature="setUp(java.lang.reflect.Method)[pri:0, instance:tests.LoginTest@63475ace]" started-at="2025-09-08T10:25:54 IST" name="setUp" finished-at="2025-09-08T10:26:02 IST" duration-ms="7997" status="PASS">
          <params>
            <param index="0">
              <value>
                <![CDATA[public void tests.LoginTest.testEmptyUsername() throws java.lang.Exception]]>
              </value>
            </param>
          </params>
          <reporter-output>
          </reporter-output>
        </test-method> <!-- setUp -->
        <test-method signature="testEmptyUsername()[pri:0, instance:tests.LoginTest@63475ace]" started-at="2025-09-08T10:26:02 IST" name="testEmptyUsername" finished-at="2025-09-08T10:26:05 IST" duration-ms="2614" status="PASS">
          <reporter-output>
          </reporter-output>
        </test-method> <!-- testEmptyUsername -->
        <test-method is-config="true" signature="tearDown()[pri:0, instance:tests.LoginTest@63475ace]" started-at="2025-09-08T10:26:05 IST" name="tearDown" finished-at="2025-09-08T10:26:05 IST" duration-ms="1" status="PASS">
          <reporter-output>
          </reporter-output>
        </test-method> <!-- tearDown -->
        <test-method is-config="true" signature="setUp(java.lang.reflect.Method)[pri:0, instance:tests.LoginTest@63475ace]" started-at="2025-09-08T10:26:05 IST" name="setUp" finished-at="2025-09-08T10:26:12 IST" duration-ms="7089" status="PASS">
          <params>
            <param index="0">
              <value>
                <![CDATA[public void tests.LoginTest.testLockedUser() throws java.lang.Exception]]>
              </value>
            </param>
          </params>
          <reporter-output>
          </reporter-output>
        </test-method> <!-- setUp -->
        <test-method signature="testLockedUser()[pri:0, instance:tests.LoginTest@63475ace]" started-at="2025-09-08T10:26:12 IST" name="testLockedUser" finished-at="2025-09-08T10:26:18 IST" duration-ms="6167" status="PASS">
          <reporter-output>
          </reporter-output>
        </test-method> <!-- testLockedUser -->
        <test-method is-config="true" signature="tearDown()[pri:0, instance:tests.LoginTest@63475ace]" started-at="2025-09-08T10:26:18 IST" name="tearDown" finished-at="2025-09-08T10:26:18 IST" duration-ms="0" status="PASS">
          <reporter-output>
          </reporter-output>
        </test-method> <!-- tearDown -->
        <test-method is-config="true" signature="setUp(java.lang.reflect.Method)[pri:0, instance:tests.LoginTest@63475ace]" started-at="2025-09-08T10:26:18 IST" name="setUp" finished-at="2025-09-08T10:26:31 IST" duration-ms="12945" status="PASS">
          <params>
            <param index="0">
              <value>
                <![CDATA[public void tests.LoginTest.testValidLogin(java.lang.String,java.lang.String) throws java.lang.Exception]]>
              </value>
            </param>
          </params>
          <reporter-output>
          </reporter-output>
        </test-method> <!-- setUp -->
        <test-method signature="testValidLogin(java.lang.String,java.lang.String)[pri:0, instance:tests.LoginTest@63475ace]" started-at="2025-09-08T10:26:31 IST" name="testValidLogin" data-provider="validUsers" finished-at="2025-09-08T10:26:39 IST" duration-ms="7819" status="PASS">
          <params>
            <param index="0">
              <value>
                <![CDATA[demouser]]>
              </value>
            </param>
            <param index="1">
              <value>
                <![CDATA[testingisfun99]]>
              </value>
            </param>
          </params>
          <reporter-output>
          </reporter-output>
        </test-method> <!-- testValidLogin -->
        <test-method is-config="true" signature="tearDown()[pri:0, instance:tests.LoginTest@63475ace]" started-at="2025-09-08T10:26:39 IST" name="tearDown" finished-at="2025-09-08T10:26:39 IST" duration-ms="3" status="PASS">
          <reporter-output>
          </reporter-output>
        </test-method> <!-- tearDown -->
        <test-method is-config="true" signature="setUp(java.lang.reflect.Method)[pri:0, instance:tests.LoginTest@63475ace]" started-at="2025-09-08T10:26:39 IST" name="setUp" finished-at="2025-09-08T10:26:47 IST" duration-ms="8340" status="PASS">
          <params>
            <param index="0">
              <value>
                <![CDATA[public void tests.LoginTest.testValidLogin(java.lang.String,java.lang.String) throws java.lang.Exception]]>
              </value>
            </param>
          </params>
          <reporter-output>
          </reporter-output>
        </test-method> <!-- setUp -->
        <test-method signature="testValidLogin(java.lang.String,java.lang.String)[pri:0, instance:tests.LoginTest@63475ace]" started-at="2025-09-08T10:26:47 IST" name="testValidLogin" data-provider="validUsers" finished-at="2025-09-08T10:26:53 IST" duration-ms="5912" status="PASS">
          <params>
            <param index="0">
              <value>
                <![CDATA[fav_user]]>
              </value>
            </param>
            <param index="1">
              <value>
                <![CDATA[testingisfun99]]>
              </value>
            </param>
          </params>
          <reporter-output>
          </reporter-output>
        </test-method> <!-- testValidLogin -->
        <test-method is-config="true" signature="tearDown()[pri:0, instance:tests.LoginTest@63475ace]" started-at="2025-09-08T10:26:53 IST" name="tearDown" finished-at="2025-09-08T10:26:53 IST" duration-ms="0" status="PASS">
          <reporter-output>
          </reporter-output>
        </test-method> <!-- tearDown -->
        <test-method is-config="true" signature="setUp(java.lang.reflect.Method)[pri:0, instance:tests.LoginTest@63475ace]" started-at="2025-09-08T10:26:53 IST" name="setUp" finished-at="2025-09-08T10:27:04 IST" duration-ms="10278" status="PASS">
          <params>
            <param index="0">
              <value>
                <![CDATA[public void tests.LoginTest.testValidLogin(java.lang.String,java.lang.String) throws java.lang.Exception]]>
              </value>
            </param>
          </params>
          <reporter-output>
          </reporter-output>
        </test-method> <!-- setUp -->
        <test-method signature="testValidLogin(java.lang.String,java.lang.String)[pri:0, instance:tests.LoginTest@63475ace]" started-at="2025-09-08T10:27:04 IST" name="testValidLogin" data-provider="validUsers" finished-at="2025-09-08T10:27:10 IST" duration-ms="6374" status="PASS">
          <params>
            <param index="0">
              <value>
                <![CDATA[image_not_loading_user]]>
              </value>
            </param>
            <param index="1">
              <value>
                <![CDATA[testingisfun99]]>
              </value>
            </param>
          </params>
          <reporter-output>
          </reporter-output>
        </test-method> <!-- testValidLogin -->
        <test-method is-config="true" signature="tearDown()[pri:0, instance:tests.LoginTest@63475ace]" started-at="2025-09-08T10:27:10 IST" name="tearDown" finished-at="2025-09-08T10:27:10 IST" duration-ms="2" status="PASS">
          <reporter-output>
          </reporter-output>
        </test-method> <!-- tearDown -->
        <test-method is-config="true" signature="setUp(java.lang.reflect.Method)[pri:0, instance:tests.LoginTest@63475ace]" started-at="2025-09-08T10:27:10 IST" name="setUp" finished-at="2025-09-08T10:27:18 IST" duration-ms="8103" status="PASS">
          <params>
            <param index="0">
              <value>
                <![CDATA[public void tests.LoginTest.testValidLogin(java.lang.String,java.lang.String) throws java.lang.Exception]]>
              </value>
            </param>
          </params>
          <reporter-output>
          </reporter-output>
        </test-method> <!-- setUp -->
        <test-method signature="testValidLogin(java.lang.String,java.lang.String)[pri:0, instance:tests.LoginTest@63475ace]" started-at="2025-09-08T10:27:18 IST" name="testValidLogin" data-provider="validUsers" finished-at="2025-09-08T10:27:23 IST" duration-ms="5127" status="PASS">
          <params>
            <param index="0">
              <value>
                <![CDATA[existing_orders_user]]>
              </value>
            </param>
            <param index="1">
              <value>
                <![CDATA[testingisfun99]]>
              </value>
            </param>
          </params>
          <reporter-output>
          </reporter-output>
        </test-method> <!-- testValidLogin -->
        <test-method is-config="true" signature="tearDown()[pri:0, instance:tests.LoginTest@63475ace]" started-at="2025-09-08T10:27:23 IST" name="tearDown" finished-at="2025-09-08T10:27:23 IST" duration-ms="1" status="PASS">
          <reporter-output>
          </reporter-output>
        </test-method> <!-- tearDown -->
      </class> <!-- tests.LoginTest -->
      <class name="tests.HomeTest">
        <test-method is-config="true" signature="setUp()[pri:0, instance:tests.HomeTest@2002fc1d]" started-at="2025-09-08T10:24:15 IST" name="setUp" finished-at="2025-09-08T10:24:30 IST" duration-ms="15791" status="PASS">
          <reporter-output>
          </reporter-output>
        </test-method> <!-- setUp -->
        <test-method signature="testOffersPage()[pri:1, instance:tests.HomeTest@2002fc1d]" started-at="2025-09-08T10:24:30 IST" name="testOffersPage" finished-at="2025-09-08T10:24:36 IST" duration-ms="5636" status="PASS">
          <reporter-output>
          </reporter-output>
        </test-method> <!-- testOffersPage -->
        <test-method signature="testOrdersPage()[pri:2, instance:tests.HomeTest@2002fc1d]" started-at="2025-09-08T10:24:36 IST" name="testOrdersPage" finished-at="2025-09-08T10:24:42 IST" duration-ms="5480" status="PASS">
          <reporter-output>
          </reporter-output>
        </test-method> <!-- testOrdersPage -->
        <test-method signature="testFavoritesPage()[pri:3, instance:tests.HomeTest@2002fc1d]" started-at="2025-09-08T10:24:42 IST" name="testFavoritesPage" finished-at="2025-09-08T10:24:47 IST" duration-ms="5525" status="PASS">
          <reporter-output>
          </reporter-output>
        </test-method> <!-- testFavoritesPage -->
        <test-method signature="testGoToHomePage()[pri:4, instance:tests.HomeTest@2002fc1d]" started-at="2025-09-08T10:24:47 IST" name="testGoToHomePage" finished-at="2025-09-08T10:24:53 IST" duration-ms="5563" status="PASS">
          <reporter-output>
          </reporter-output>
        </test-method> <!-- testGoToHomePage -->
        <test-method signature="testSelectAllVendors()[pri:5, instance:tests.HomeTest@2002fc1d]" started-at="2025-09-08T10:24:53 IST" name="testSelectAllVendors" finished-at="2025-09-08T10:25:14 IST" duration-ms="21043" status="PASS">
          <reporter-output>
          </reporter-output>
        </test-method> <!-- testSelectAllVendors -->
        <test-method signature="testSortProducts()[pri:6, instance:tests.HomeTest@2002fc1d]" started-at="2025-09-08T10:25:14 IST" name="testSortProducts" finished-at="2025-09-08T10:25:45 IST" duration-ms="31435" status="PASS">
          <reporter-output>
          </reporter-output>
        </test-method> <!-- testSortProducts -->
        <test-method is-config="true" signature="tearDown()[pri:0, instance:tests.HomeTest@2002fc1d]" started-at="2025-09-08T10:25:45 IST" name="tearDown" finished-at="2025-09-08T10:25:45 IST" duration-ms="1" status="PASS">
          <reporter-output>
          </reporter-output>
        </test-method> <!-- tearDown -->
      </class> <!-- tests.HomeTest -->
      <class name="tests.WebTest">
        <test-method is-config="true" signature="setUp()[pri:0, instance:tests.WebTest@4988d8b8]" started-at="2025-09-08T10:27:23 IST" name="setUp" finished-at="2025-09-08T10:27:50 IST" duration-ms="26628" status="PASS">
          <reporter-output>
          </reporter-output>
        </test-method> <!-- setUp -->
        <test-method signature="testSamsungFavoriteFlow()[pri:1, instance:tests.WebTest@4988d8b8]" started-at="2025-09-08T10:27:50 IST" name="testSamsungFavoriteFlow" finished-at="2025-09-08T10:28:16 IST" duration-ms="26196" status="PASS">
          <reporter-output>
          </reporter-output>
        </test-method> <!-- testSamsungFavoriteFlow -->
        <test-method signature="testAppleFavoriteFlow()[pri:2, instance:tests.WebTest@4988d8b8]" started-at="2025-09-08T10:28:16 IST" name="testAppleFavoriteFlow" finished-at="2025-09-08T10:28:47 IST" duration-ms="31332" status="PASS">
          <reporter-output>
          </reporter-output>
        </test-method> <!-- testAppleFavoriteFlow -->
        <test-method signature="testCartAndCheckoutFlow()[pri:3, instance:tests.WebTest@4988d8b8]" started-at="2025-09-08T10:28:47 IST" name="testCartAndCheckoutFlow" finished-at="2025-09-08T10:30:06 IST" duration-ms="78509" status="PASS">
          <reporter-output>
          </reporter-output>
        </test-method> <!-- testCartAndCheckoutFlow -->
        <test-method is-config="true" signature="tearDown()[pri:0, instance:tests.WebTest@4988d8b8]" started-at="2025-09-08T10:30:06 IST" name="tearDown" finished-at="2025-09-08T10:30:06 IST" duration-ms="5" status="PASS">
          <reporter-output>
          </reporter-output>
        </test-method> <!-- tearDown -->
      </class> <!-- tests.WebTest -->
    </test> <!-- UI Tests -->
    <test started-at="2025-09-08T10:30:07 IST" name="Cucumber Features" finished-at="2025-09-08T10:32:17 IST" duration-ms="129655">
      <class name="tests.LoginTest">
        <test-method is-config="true" signature="initReports()[pri:0, instance:tests.LoginTest@63475ace]" started-at="2025-09-08T10:24:14 IST" name="initReports" finished-at="2025-09-08T10:24:14 IST" duration-ms="638" status="PASS">
          <reporter-output>
          </reporter-output>
        </test-method> <!-- initReports -->
        <test-method is-config="true" signature="flushReports()[pri:0, instance:tests.LoginTest@63475ace]" started-at="2025-09-08T10:32:18 IST" name="flushReports" finished-at="2025-09-08T10:32:18 IST" duration-ms="488" status="PASS">
          <reporter-output>
          </reporter-output>
        </test-method> <!-- flushReports -->
      </class> <!-- tests.LoginTest -->
      <class name="runners.TestRunner">
        <test-method is-config="true" signature="setUpClass(org.testng.ITestContext)[pri:0, instance:runners.TestRunner@71c3b41]" started-at="2025-09-08T10:30:07 IST" name="setUpClass" finished-at="2025-09-08T10:30:15 IST" duration-ms="8305" status="PASS">
          <params>
            <param index="0">
              <value>
                <![CDATA[org.testng.TestRunner@1c5fd813]]>
              </value>
            </param>
          </params>
          <reporter-output>
          </reporter-output>
        </test-method> <!-- setUpClass -->
        <test-method signature="runScenario(io.cucumber.testng.PickleWrapper,io.cucumber.testng.FeatureWrapper)[pri:0, instance:runners.TestRunner@71c3b41]" started-at="2025-09-08T10:30:15 IST" name="runScenario" description="Runs Cucumber Scenarios" data-provider="scenarios" finished-at="2025-09-08T10:30:33 IST" duration-ms="17501" status="PASS">
          <params>
            <param index="0">
              <value>
                <![CDATA["Login with valid credentials"]]>
              </value>
            </param>
            <param index="1">
              <value>
                <![CDATA["Login functionality"]]>
              </value>
            </param>
          </params>
          <reporter-output>
          </reporter-output>
        </test-method> <!-- runScenario -->
        <test-method signature="runScenario(io.cucumber.testng.PickleWrapper,io.cucumber.testng.FeatureWrapper)[pri:0, instance:runners.TestRunner@71c3b41]" started-at="2025-09-08T10:30:33 IST" name="runScenario" description="Runs Cucumber Scenarios" data-provider="scenarios" finished-at="2025-09-08T10:30:45 IST" duration-ms="12366" status="PASS">
          <params>
            <param index="0">
              <value>
                <![CDATA["Login with valid credentials"]]>
              </value>
            </param>
            <param index="1">
              <value>
                <![CDATA["Login functionality"]]>
              </value>
            </param>
          </params>
          <reporter-output>
          </reporter-output>
        </test-method> <!-- runScenario -->
        <test-method signature="runScenario(io.cucumber.testng.PickleWrapper,io.cucumber.testng.FeatureWrapper)[pri:0, instance:runners.TestRunner@71c3b41]" started-at="2025-09-08T10:30:45 IST" name="runScenario" description="Runs Cucumber Scenarios" data-provider="scenarios" finished-at="2025-09-08T10:30:58 IST" duration-ms="12976" status="PASS">
          <params>
            <param index="0">
              <value>
                <![CDATA["Login with valid credentials"]]>
              </value>
            </param>
            <param index="1">
              <value>
                <![CDATA["Login functionality"]]>
              </value>
            </param>
          </params>
          <reporter-output>
          </reporter-output>
        </test-method> <!-- runScenario -->
        <test-method signature="runScenario(io.cucumber.testng.PickleWrapper,io.cucumber.testng.FeatureWrapper)[pri:0, instance:runners.TestRunner@71c3b41]" started-at="2025-09-08T10:30:58 IST" name="runScenario" description="Runs Cucumber Scenarios" data-provider="scenarios" finished-at="2025-09-08T10:31:19 IST" duration-ms="20541" status="PASS">
          <params>
            <param index="0">
              <value>
                <![CDATA["Login with valid credentials"]]>
              </value>
            </param>
            <param index="1">
              <value>
                <![CDATA["Login functionality"]]>
              </value>
            </param>
          </params>
          <reporter-output>
          </reporter-output>
        </test-method> <!-- runScenario -->
        <test-method signature="runScenario(io.cucumber.testng.PickleWrapper,io.cucumber.testng.FeatureWrapper)[pri:0, instance:runners.TestRunner@71c3b41]" started-at="2025-09-08T10:31:19 IST" name="runScenario" description="Runs Cucumber Scenarios" data-provider="scenarios" finished-at="2025-09-08T10:31:41 IST" duration-ms="21854" status="PASS">
          <params>
            <param index="0">
              <value>
                <![CDATA["Locked user should see locked message"]]>
              </value>
            </param>
            <param index="1">
              <value>
                <![CDATA["Login functionality"]]>
              </value>
            </param>
          </params>
          <reporter-output>
          </reporter-output>
        </test-method> <!-- runScenario -->
        <test-method signature="runScenario(io.cucumber.testng.PickleWrapper,io.cucumber.testng.FeatureWrapper)[pri:0, instance:runners.TestRunner@71c3b41]" started-at="2025-09-08T10:31:41 IST" name="runScenario" description="Runs Cucumber Scenarios" data-provider="scenarios" finished-at="2025-09-08T10:31:52 IST" duration-ms="11054" status="PASS">
          <params>
            <param index="0">
              <value>
                <![CDATA["Login with empty username should show message"]]>
              </value>
            </param>
            <param index="1">
              <value>
                <![CDATA["Login functionality"]]>
              </value>
            </param>
          </params>
          <reporter-output>
          </reporter-output>
        </test-method> <!-- runScenario -->
        <test-method signature="runScenario(io.cucumber.testng.PickleWrapper,io.cucumber.testng.FeatureWrapper)[pri:0, instance:runners.TestRunner@71c3b41]" started-at="2025-09-08T10:31:52 IST" name="runScenario" description="Runs Cucumber Scenarios" data-provider="scenarios" finished-at="2025-09-08T10:32:16 IST" duration-ms="23944" status="PASS">
          <params>
            <param index="0">
              <value>
                <![CDATA["Login with empty password should show message"]]>
              </value>
            </param>
            <param index="1">
              <value>
                <![CDATA["Login functionality"]]>
              </value>
            </param>
          </params>
          <reporter-output>
          </reporter-output>
        </test-method> <!-- runScenario -->
        <test-method is-config="true" signature="tearDownClass()[pri:0, instance:runners.TestRunner@71c3b41]" started-at="2025-09-08T10:32:16 IST" name="tearDownClass" finished-at="2025-09-08T10:32:17 IST" duration-ms="636" status="PASS">
          <reporter-output>
          </reporter-output>
        </test-method> <!-- tearDownClass -->
      </class> <!-- runners.TestRunner -->
    </test> <!-- Cucumber Features -->
  </suite> <!-- Complete Automation Suite -->
</testng-results>
