<?xml version="1.0" encoding="UTF-8"?>
<testng-results ignored="0" total="6" passed="6" failed="0" skipped="0">
  <reporter-output>
  </reporter-output>
  <suite started-at="2025-09-09T10:55:00 IST" name="Default suite" finished-at="2025-09-09T10:56:23 IST" duration-ms="83367">
    <groups>
    </groups>
    <test started-at="2025-09-09T10:55:00 IST" name="Default test" finished-at="2025-09-09T10:56:23 IST" duration-ms="83367">
      <class name="tests.HomeTest">
        <test-method is-config="true" signature="setUp()[pri:0, instance:tests.HomeTest@65e98b1c]" started-at="2025-09-09T10:55:00 IST" name="setUp" finished-at="2025-09-09T10:55:09 IST" duration-ms="9537" status="PASS">
          <reporter-output>
          </reporter-output>
        </test-method> <!-- setUp -->
        <test-method signature="testOffersPage()[pri:1, instance:tests.HomeTest@65e98b1c]" started-at="2025-09-09T10:55:09 IST" name="testOffersPage" finished-at="2025-09-09T10:55:15 IST" duration-ms="5410" status="PASS">
          <reporter-output>
          </reporter-output>
        </test-method> <!-- testOffersPage -->
        <test-method signature="testOrdersPage()[pri:2, instance:tests.HomeTest@65e98b1c]" started-at="2025-09-09T10:55:15 IST" name="testOrdersPage" finished-at="2025-09-09T10:55:20 IST" duration-ms="5333" status="PASS">
          <reporter-output>
          </reporter-output>
        </test-method> <!-- testOrdersPage -->
        <test-method signature="testFavoritesPage()[pri:3, instance:tests.HomeTest@65e98b1c]" started-at="2025-09-09T10:55:20 IST" name="testFavoritesPage" finished-at="2025-09-09T10:55:25 IST" duration-ms="5411" status="PASS">
          <reporter-output>
          </reporter-output>
        </test-method> <!-- testFavoritesPage -->
        <test-method signature="testGoToHomePage()[pri:4, instance:tests.HomeTest@65e98b1c]" started-at="2025-09-09T10:55:25 IST" name="testGoToHomePage" finished-at="2025-09-09T10:55:31 IST" duration-ms="5485" status="PASS">
          <reporter-output>
          </reporter-output>
        </test-method> <!-- testGoToHomePage -->
        <test-method signature="testSelectAllVendors()[pri:5, instance:tests.HomeTest@65e98b1c]" started-at="2025-09-09T10:55:31 IST" name="testSelectAllVendors" finished-at="2025-09-09T10:55:52 IST" duration-ms="20773" status="PASS">
          <reporter-output>
          </reporter-output>
        </test-method> <!-- testSelectAllVendors -->
        <test-method signature="testSortProducts()[pri:6, instance:tests.HomeTest@65e98b1c]" started-at="2025-09-09T10:55:52 IST" name="testSortProducts" finished-at="2025-09-09T10:56:23 IST" duration-ms="31343" status="PASS">
          <reporter-output>
          </reporter-output>
        </test-method> <!-- testSortProducts -->
        <test-method is-config="true" signature="tearDown()[pri:0, instance:tests.HomeTest@65e98b1c]" started-at="2025-09-09T10:56:23 IST" name="tearDown" finished-at="2025-09-09T10:56:23 IST" duration-ms="0" status="PASS">
          <reporter-output>
          </reporter-output>
        </test-method> <!-- tearDown -->
      </class> <!-- tests.HomeTest -->
    </test> <!-- Default test -->
  </suite> <!-- Default suite -->
</testng-results>
