<?xml version="1.0" encoding="UTF-8"?>
<testng-results ignored="0" total="3" passed="3" failed="0" skipped="0">
  <reporter-output>
  </reporter-output>
  <suite started-at="2025-09-08T13:27:01 IST" name="Default suite" finished-at="2025-09-08T13:29:34 IST" duration-ms="152902">
    <groups>
    </groups>
    <test started-at="2025-09-08T13:27:01 IST" name="Default test" finished-at="2025-09-08T13:29:34 IST" duration-ms="152902">
      <class name="tests.WebTest">
        <test-method is-config="true" signature="setUp()[pri:0, instance:tests.WebTest@710f4dc7]" started-at="2025-09-08T13:27:01 IST" name="setUp" finished-at="2025-09-08T13:27:20 IST" duration-ms="18852" status="PASS">
          <reporter-output>
          </reporter-output>
        </test-method> <!-- setUp -->
        <test-method signature="testSamsungFavoriteFlow()[pri:1, instance:tests.WebTest@710f4dc7]" started-at="2025-09-08T13:27:20 IST" name="testSamsungFavoriteFlow" finished-at="2025-09-08T13:27:46 IST" duration-ms="25941" status="PASS">
          <reporter-output>
          </reporter-output>
        </test-method> <!-- testSamsungFavoriteFlow -->
        <test-method signature="testAppleFavoriteFlow()[pri:2, instance:tests.WebTest@710f4dc7]" started-at="2025-09-08T13:27:46 IST" name="testAppleFavoriteFlow" finished-at="2025-09-08T13:28:17 IST" duration-ms="30993" status="PASS">
          <reporter-output>
          </reporter-output>
        </test-method> <!-- testAppleFavoriteFlow -->
        <test-method signature="testCartAndCheckoutFlow()[pri:3, instance:tests.WebTest@710f4dc7]" started-at="2025-09-08T13:28:17 IST" name="testCartAndCheckoutFlow" finished-at="2025-09-08T13:29:34 IST" duration-ms="77066" status="PASS">
          <reporter-output>
          </reporter-output>
        </test-method> <!-- testCartAndCheckoutFlow -->
        <test-method is-config="true" signature="tearDown()[pri:0, instance:tests.WebTest@710f4dc7]" started-at="2025-09-08T13:29:34 IST" name="tearDown" finished-at="2025-09-08T13:29:34 IST" duration-ms="0" status="PASS">
          <reporter-output>
          </reporter-output>
        </test-method> <!-- tearDown -->
      </class> <!-- tests.WebTest -->
    </test> <!-- Default test -->
  </suite> <!-- Default suite -->
</testng-results>
